<?xml version="1.0" encoding="UTF-8"?>
<testsuite name="SimpleConfigurationTest" tests="2" skipped="0" failures="0" errors="0" timestamp="2015-12-21T14:00:18" hostname="smorris-laptop-2.local" time="0.059">
  <properties/>
  <testcase name="ShouldSupportStream" classname="SimpleConfigurationTest" time="0.007"/>
  <testcase name="ShouldSupportAssertJ" classname="SimpleConfigurationTest" time="0.051"/>
  <system-out><![CDATA[]]></system-out>
  <system-err><![CDATA[]]></system-err>
</testsuite>
