<?xml version="1.0" encoding="UTF-8"?>
<testsuite name="com.toyioc.shouldResolve" tests="3" skipped="0" failures="0" errors="0" timestamp="2015-12-21T14:00:19" hostname="smorris-laptop-2.local" time="0.01">
  <properties/>
  <testcase name="concreteClassWithOneConcreteConstructorArg" classname="com.toyioc.shouldResolve" time="0.006"/>
  <testcase name="concreteClassWithMultipleConcreteConstructorArgs" classname="com.toyioc.shouldResolve" time="0.002"/>
  <testcase name="concreteClassWithDefaultConstructor" classname="com.toyioc.shouldResolve" time="0.001"/>
  <system-out><![CDATA[2015-12-22 00:00:19,066 INFO c.t.Resolver [Test worker] resolving 'com.toyioc.concreteClass.withOneConcreteConstructorArg' 
2015-12-22 00:00:19,066 INFO c.t.Resolver [Test worker] no default constructor 
2015-12-22 00:00:19,067 INFO c.t.Resolver [Test worker] resolving 'com.toyioc.concreteClass.withDefaultConstructor' 
2015-12-22 00:00:19,067 INFO c.t.Resolver [Test worker] resolved 'com.toyioc.concreteClass.withOneConcreteConstructorArg' using 'public com.toyioc.concreteClass.withOneConcreteConstructorArg(com.toyioc.concreteClass.withDefaultConstructor)' 
2015-12-22 00:00:19,070 INFO c.t.Resolver [Test worker] resolving 'com.toyioc.concreteClass.withMultipleConcreteConstructorArgs' 
2015-12-22 00:00:19,070 INFO c.t.Resolver [Test worker] no default constructor 
2015-12-22 00:00:19,070 INFO c.t.Resolver [Test worker] resolving 'com.toyioc.concreteClass.withDefaultConstructor' 
2015-12-22 00:00:19,070 INFO c.t.Resolver [Test worker] resolving 'com.toyioc.concreteClass.withDefaultConstructor' 
2015-12-22 00:00:19,070 INFO c.t.Resolver [Test worker] resolving 'com.toyioc.concreteClass.withDefaultConstructor' 
2015-12-22 00:00:19,071 INFO c.t.Resolver [Test worker] resolved 'com.toyioc.concreteClass.withMultipleConcreteConstructorArgs' using 'public com.toyioc.concreteClass.withMultipleConcreteConstructorArgs(com.toyioc.concreteClass.withDefaultConstructor,com.toyioc.concreteClass.withDefaultConstructor,com.toyioc.concreteClass.withDefaultConstructor)' 
2015-12-22 00:00:19,072 INFO c.t.Resolver [Test worker] resolving 'com.toyioc.concreteClass.withDefaultConstructor' 
]]></system-out>
  <system-err><![CDATA[]]></system-err>
</testsuite>
